android/app/build/intermediates/manifest_merge_blame_file/debug/manifest-merger-blame-debug-report.txt
1<?xml version="1.0" encoding="utf-8"?>
2<manifest xmlns:android="http://schemas.android.com/apk/res/android"
3    package="com.m1training"
4    android:versionCode="1"
5    android:versionName="1.0" >
6
7    <uses-sdk
8        android:minSdkVersion="21"
9        android:targetSdkVersion="29" />
10
11    <uses-permission android:name="android.permission.SYSTEM_ALERT_WINDOW" />
11-->src/debug/AndroidManifest.xml:5:5-77
11-->src/debug/AndroidManifest.xml:5:22-75
12    <uses-permission android:name="android.permission.INTERNET" />
12-->src/main/AndroidManifest.xml:4:5-67
12-->src/main/AndroidManifest.xml:4:22-64
13    <uses-permission android:name="android.permission.ACCESS_WIFI_STATE" />
13-->[com.facebook.flipper:flipper:0.75.1] AndroidManifest.xml:16:5-76
13-->[com.facebook.flipper:flipper:0.75.1] AndroidManifest.xml:16:22-73
14
15    <queries>
15-->[:react-native-image-crop-picker] AndroidManifest.xml:10:5-14:15
16        <intent>
16-->[:react-native-image-crop-picker] AndroidManifest.xml:11:9-13:18
17            <action android:name="android.media.action.IMAGE_CAPTURE" />
17-->[:react-native-image-crop-picker] AndroidManifest.xml:12:13-73
17-->[:react-native-image-crop-picker] AndroidManifest.xml:12:21-70
18        </intent>
19    </queries>
20
21    <uses-permission android:name="android.permission.WRITE_EXTERNAL_STORAGE" />
21-->[:react-native-image-crop-picker] AndroidManifest.xml:16:5-81
21-->[:react-native-image-crop-picker] AndroidManifest.xml:16:22-78
22
23    <application
23-->src/main/AndroidManifest.xml:6:5-24:19
24        android:name="com.m1training.MainApplication"
24-->src/main/AndroidManifest.xml:7:7-38
25        android:allowBackup="false"
25-->src/main/AndroidManifest.xml:11:7-34
26        android:appComponentFactory="androidx.core.app.CoreComponentFactory"
26-->[androidx.core:core:1.1.0] AndroidManifest.xml:24:18-86
27        android:debuggable="true"
28        android:icon="@mipmap/ic_launcher"
28-->src/main/AndroidManifest.xml:9:7-41
29        android:label="@string/app_name"
29-->src/main/AndroidManifest.xml:8:7-39
30        android:roundIcon="@mipmap/ic_launcher_round"
30-->src/main/AndroidManifest.xml:10:7-52
31        android:testOnly="true"
32        android:theme="@style/AppTheme"
32-->src/main/AndroidManifest.xml:12:7-38
33        android:usesCleartextTraffic="true" >
33-->src/debug/AndroidManifest.xml:8:9-44
34        <activity android:name="com.facebook.react.devsupport.DevSettingsActivity" />
34-->src/debug/AndroidManifest.xml:11:9-86
34-->src/debug/AndroidManifest.xml:11:19-83
35        <activity
35-->src/main/AndroidManifest.xml:13:7-23:18
36            android:name="com.m1training.MainActivity"
36-->src/main/AndroidManifest.xml:14:9-37
37            android:configChanges="keyboard|keyboardHidden|orientation|screenSize|uiMode"
37-->src/main/AndroidManifest.xml:16:9-86
38            android:label="@string/app_name"
38-->src/main/AndroidManifest.xml:15:9-41
39            android:launchMode="singleTask"
39-->src/main/AndroidManifest.xml:17:9-40
40            android:windowSoftInputMode="adjustResize" >
40-->src/main/AndroidManifest.xml:18:9-51
41            <intent-filter>
41-->src/main/AndroidManifest.xml:19:9-22:25
42                <action android:name="android.intent.action.MAIN" />
42-->src/main/AndroidManifest.xml:20:13-65
42-->src/main/AndroidManifest.xml:20:21-62
43
44                <category android:name="android.intent.category.LAUNCHER" />
44-->src/main/AndroidManifest.xml:21:13-73
44-->src/main/AndroidManifest.xml:21:23-70
45            </intent-filter>
46        </activity>
47
48        <provider
48-->[:react-native-image-crop-picker] AndroidManifest.xml:19:9-27:20
49            android:name="androidx.core.content.FileProvider"
49-->[:react-native-image-crop-picker] AndroidManifest.xml:20:13-62
50            android:authorities="com.m1training.provider"
50-->[:react-native-image-crop-picker] AndroidManifest.xml:21:13-60
51            android:exported="false"
51-->[:react-native-image-crop-picker] AndroidManifest.xml:22:13-37
52            android:grantUriPermissions="true" >
52-->[:react-native-image-crop-picker] AndroidManifest.xml:23:13-47
53            <meta-data
53-->[:react-native-image-crop-picker] AndroidManifest.xml:24:13-26:58
54                android:name="android.support.FILE_PROVIDER_PATHS"
54-->[:react-native-image-crop-picker] AndroidManifest.xml:25:17-67
55                android:resource="@xml/provider_paths" />
55-->[:react-native-image-crop-picker] AndroidManifest.xml:26:17-55
56        </provider>
57
58        <activity
58-->[:react-native-image-crop-picker] AndroidManifest.xml:29:9-31:72
59            android:name="com.yalantis.ucrop.UCropActivity"
59-->[:react-native-image-crop-picker] AndroidManifest.xml:30:13-60
60            android:theme="@style/Theme.AppCompat.Light.NoActionBar" />
60-->[:react-native-image-crop-picker] AndroidManifest.xml:31:13-69
61
62        <provider
62-->[:react-native-webview] AndroidManifest.xml:12:9-20:20
63            android:name="com.reactnativecommunity.webview.RNCWebViewFileProvider"
63-->[:react-native-webview] AndroidManifest.xml:13:13-83
64            android:authorities="com.m1training.fileprovider"
64-->[:react-native-webview] AndroidManifest.xml:14:13-64
65            android:exported="false"
65-->[:react-native-webview] AndroidManifest.xml:15:13-37
66            android:grantUriPermissions="true" >
66-->[:react-native-webview] AndroidManifest.xml:16:13-47
67            <meta-data
67-->[:react-native-image-crop-picker] AndroidManifest.xml:24:13-26:58
68                android:name="android.support.FILE_PROVIDER_PATHS"
68-->[:react-native-image-crop-picker] AndroidManifest.xml:25:17-67
69                android:resource="@xml/file_provider_paths" />
69-->[:react-native-image-crop-picker] AndroidManifest.xml:26:17-55
70        </provider>
71    </application>
72
73</manifest>